<?xml version="1.0" encoding="UTF-8"?>
<testsuite xmlns:xsi="http://www.w3.org/2001/XMLSchema-instance" xsi:noNamespaceSchemaLocation="https://maven.apache.org/surefire/maven-surefire-plugin/xsd/surefire-test-report.xsd" name="com.yixin.AppTest" time="0.05" tests="1" errors="0" skipped="0" failures="0">
  <properties>
    <property name="sun.desktop" value="windows"/>
    <property name="awt.toolkit" value="sun.awt.windows.WToolkit"/>
    <property name="file.encoding.pkg" value="sun.io"/>
    <property name="java.specification.version" value="1.8"/>
    <property name="sun.cpu.isalist" value="amd64"/>
    <property name="sun.jnu.encoding" value="GBK"/>
    <property name="java.class.path" value="E:\code\maventest\target\test-classes;E:\code\maventest\target\classes;D:\bin\apache-maven-3.5.3\LocalRepository\com\yixin\watermark\0.0.1-SNAPSHOT\watermark-0.0.1-SNAPSHOT.jar;D:\bin\apache-maven-3.5.3\LocalRepository\org\springframework\boot\spring-boot-starter-thymeleaf\1.5.12.RELEASE\spring-boot-starter-thymeleaf-1.5.12.RELEASE.jar;D:\bin\apache-maven-3.5.3\LocalRepository\org\springframework\boot\spring-boot-starter\1.5.12.RELEASE\spring-boot-starter-1.5.12.RELEASE.jar;D:\bin\apache-maven-3.5.3\LocalRepository\org\springframework\boot\spring-boot-starter-logging\1.5.12.RELEASE\spring-boot-starter-logging-1.5.12.RELEASE.jar;D:\bin\apache-maven-3.5.3\LocalRepository\ch\qos\logback\logback-classic\1.1.11\logback-classic-1.1.11.jar;D:\bin\apache-maven-3.5.3\LocalRepository\ch\qos\logback\logback-core\1.1.11\logback-core-1.1.11.jar;D:\bin\apache-maven-3.5.3\LocalRepository\org\slf4j\jul-to-slf4j\1.7.25\jul-to-slf4j-1.7.25.jar;D:\bin\apache-maven-3.5.3\LocalRepository\org\slf4j\log4j-over-slf4j\1.7.25\log4j-over-slf4j-1.7.25.jar;D:\bin\apache-maven-3.5.3\LocalRepository\org\springframework\spring-core\4.3.16.RELEASE\spring-core-4.3.16.RELEASE.jar;D:\bin\apache-maven-3.5.3\LocalRepository\org\yaml\snakeyaml\1.17\snakeyaml-1.17.jar;D:\bin\apache-maven-3.5.3\LocalRepository\org\thymeleaf\thymeleaf-spring4\2.1.6.RELEASE\thymeleaf-spring4-2.1.6.RELEASE.jar;D:\bin\apache-maven-3.5.3\LocalRepository\org\thymeleaf\thymeleaf\2.1.6.RELEASE\thymeleaf-2.1.6.RELEASE.jar;D:\bin\apache-maven-3.5.3\LocalRepository\ognl\ognl\3.0.8\ognl-3.0.8.jar;D:\bin\apache-maven-3.5.3\LocalRepository\org\javassist\javassist\3.16.1-GA\javassist-3.16.1-GA.jar;D:\bin\apache-maven-3.5.3\LocalRepository\org\unbescape\unbescape\1.1.0.RELEASE\unbescape-1.1.0.RELEASE.jar;D:\bin\apache-maven-3.5.3\LocalRepository\nz\net\ultraq\thymeleaf\thymeleaf-layout-dialect\1.4.0\thymeleaf-layout-dialect-1.4.0.jar;D:\bin\apache-maven-3.5.3\LocalRepository\org\codehaus\groovy\groovy\2.4.3\groovy-2.4.3.jar;D:\bin\apache-maven-3.5.3\LocalRepository\org\springframework\boot\spring-boot-starter-web\1.5.12.RELEASE\spring-boot-starter-web-1.5.12.RELEASE.jar;D:\bin\apache-maven-3.5.3\LocalRepository\org\springframework\boot\spring-boot-starter-tomcat\1.5.12.RELEASE\spring-boot-starter-tomcat-1.5.12.RELEASE.jar;D:\bin\apache-maven-3.5.3\LocalRepository\org\apache\tomcat\embed\tomcat-embed-core\8.5.29\tomcat-embed-core-8.5.29.jar;D:\bin\apache-maven-3.5.3\LocalRepository\org\apache\tomcat\tomcat-annotations-api\8.5.29\tomcat-annotations-api-8.5.29.jar;D:\bin\apache-maven-3.5.3\LocalRepository\org\apache\tomcat\embed\tomcat-embed-el\8.5.29\tomcat-embed-el-8.5.29.jar;D:\bin\apache-maven-3.5.3\LocalRepository\org\apache\tomcat\embed\tomcat-embed-websocket\8.5.29\tomcat-embed-websocket-8.5.29.jar;D:\bin\apache-maven-3.5.3\LocalRepository\org\hibernate\hibernate-validator\5.3.6.Final\hibernate-validator-5.3.6.Final.jar;D:\bin\apache-maven-3.5.3\LocalRepository\javax\validation\validation-api\1.1.0.Final\validation-api-1.1.0.Final.jar;D:\bin\apache-maven-3.5.3\LocalRepository\org\jboss\logging\jboss-logging\3.3.0.Final\jboss-logging-3.3.0.Final.jar;D:\bin\apache-maven-3.5.3\LocalRepository\com\fasterxml\classmate\1.3.1\classmate-1.3.1.jar;D:\bin\apache-maven-3.5.3\LocalRepository\com\fasterxml\jackson\core\jackson-databind\2.8.11.1\jackson-databind-2.8.11.1.jar;D:\bin\apache-maven-3.5.3\LocalRepository\com\fasterxml\jackson\core\jackson-annotations\2.8.0\jackson-annotations-2.8.0.jar;D:\bin\apache-maven-3.5.3\LocalRepository\org\springframework\spring-web\4.3.16.RELEASE\spring-web-4.3.16.RELEASE.jar;D:\bin\apache-maven-3.5.3\LocalRepository\org\springframework\spring-aop\4.3.16.RELEASE\spring-aop-4.3.16.RELEASE.jar;D:\bin\apache-maven-3.5.3\LocalRepository\org\springframework\spring-beans\4.3.16.RELEASE\spring-beans-4.3.16.RELEASE.jar;D:\bin\apache-maven-3.5.3\LocalRepository\org\springframework\spring-context\4.3.16.RELEASE\spring-context-4.3.16.RELEASE.jar;D:\bin\apache-maven-3.5.3\LocalRepository\org\springframework\spring-webmvc\4.3.16.RELEASE\spring-webmvc-4.3.16.RELEASE.jar;D:\bin\apache-maven-3.5.3\LocalRepository\org\springframework\spring-expression\4.3.16.RELEASE\spring-expression-4.3.16.RELEASE.jar;D:\bin\apache-maven-3.5.3\LocalRepository\com\alibaba\fastjson\1.2.35\fastjson-1.2.35.jar;D:\bin\apache-maven-3.5.3\LocalRepository\org\apache\poi\poi-ooxml\3.16\poi-ooxml-3.16.jar;D:\bin\apache-maven-3.5.3\LocalRepository\org\apache\poi\poi\3.16\poi-3.16.jar;D:\bin\apache-maven-3.5.3\LocalRepository\org\apache\commons\commons-collections4\4.1\commons-collections4-4.1.jar;D:\bin\apache-maven-3.5.3\LocalRepository\org\apache\poi\poi-ooxml-schemas\3.16\poi-ooxml-schemas-3.16.jar;D:\bin\apache-maven-3.5.3\LocalRepository\com\github\virtuald\curvesapi\1.04\curvesapi-1.04.jar;D:\bin\apache-maven-3.5.3\LocalRepository\org\apache\poi\poi-scratchpad\3.16\poi-scratchpad-3.16.jar;D:\bin\apache-maven-3.5.3\LocalRepository\fr\opensagres\xdocreport\org.apache.poi.xwpf.converter.xhtml\1.0.6\org.apache.poi.xwpf.converter.xhtml-1.0.6.jar;D:\bin\apache-maven-3.5.3\LocalRepository\fr\opensagres\xdocreport\org.apache.poi.xwpf.converter.core\1.0.6\org.apache.poi.xwpf.converter.core-1.0.6.jar;D:\bin\apache-maven-3.5.3\LocalRepository\org\apache\poi\ooxml-schemas\1.1\ooxml-schemas-1.1.jar;D:\bin\apache-maven-3.5.3\LocalRepository\org\zwobble\mammoth\mammoth\0.0.4\mammoth-0.0.4.jar;D:\bin\apache-maven-3.5.3\LocalRepository\commons-cli\commons-cli\1.2\commons-cli-1.2.jar;D:\bin\apache-maven-3.5.3\LocalRepository\com\googlecode\juniversalchardet\juniversalchardet\1.0.3\juniversalchardet-1.0.3.jar;D:\bin\apache-maven-3.5.3\LocalRepository\org\apache\commons\commons-lang3\3.6\commons-lang3-3.6.jar;D:\bin\apache-maven-3.5.3\LocalRepository\commons-io\commons-io\2.5\commons-io-2.5.jar;D:\bin\apache-maven-3.5.3\LocalRepository\com\google\guava\guava\25.1-jre\guava-25.1-jre.jar;D:\bin\apache-maven-3.5.3\LocalRepository\com\google\code\findbugs\jsr305\3.0.2\jsr305-3.0.2.jar;D:\bin\apache-maven-3.5.3\LocalRepository\org\checkerframework\checker-qual\2.0.0\checker-qual-2.0.0.jar;D:\bin\apache-maven-3.5.3\LocalRepository\com\google\errorprone\error_prone_annotations\2.1.3\error_prone_annotations-2.1.3.jar;D:\bin\apache-maven-3.5.3\LocalRepository\com\google\j2objc\j2objc-annotations\1.1\j2objc-annotations-1.1.jar;D:\bin\apache-maven-3.5.3\LocalRepository\org\codehaus\mojo\animal-sniffer-annotations\1.14\animal-sniffer-annotations-1.14.jar;D:\bin\apache-maven-3.5.3\LocalRepository\com\itextpdf\itextpdf\5.5.13\itextpdf-5.5.13.jar;D:\bin\apache-maven-3.5.3\LocalRepository\org\docx4j\docx4j\3.3.3\docx4j-3.3.3.jar;D:\bin\apache-maven-3.5.3\LocalRepository\org\plutext\jaxb-svg11\1.0.2\jaxb-svg11-1.0.2.jar;D:\bin\apache-maven-3.5.3\LocalRepository\net\engio\mbassador\1.2.4.2\mbassador-1.2.4.2.jar;D:\bin\apache-maven-3.5.3\LocalRepository\org\slf4j\slf4j-api\1.7.21\slf4j-api-1.7.21.jar;D:\bin\apache-maven-3.5.3\LocalRepository\org\slf4j\jcl-over-slf4j\1.7.21\jcl-over-slf4j-1.7.21.jar;D:\bin\apache-maven-3.5.3\LocalRepository\org\slf4j\slf4j-log4j12\1.7.21\slf4j-log4j12-1.7.21.jar;D:\bin\apache-maven-3.5.3\LocalRepository\log4j\log4j\1.2.17\log4j-1.2.17.jar;D:\bin\apache-maven-3.5.3\LocalRepository\commons-codec\commons-codec\1.10\commons-codec-1.10.jar;D:\bin\apache-maven-3.5.3\LocalRepository\org\apache\httpcomponents\httpclient\4.5.2\httpclient-4.5.2.jar;D:\bin\apache-maven-3.5.3\LocalRepository\org\apache\httpcomponents\httpcore\4.4.4\httpcore-4.4.4.jar;D:\bin\apache-maven-3.5.3\LocalRepository\commons-logging\commons-logging\1.2\commons-logging-1.2.jar;D:\bin\apache-maven-3.5.3\LocalRepository\com\fasterxml\jackson\core\jackson-core\2.7.3\jackson-core-2.7.3.jar;D:\bin\apache-maven-3.5.3\LocalRepository\org\apache\xmlgraphics\xmlgraphics-commons\2.1\xmlgraphics-commons-2.1.jar;D:\bin\apache-maven-3.5.3\LocalRepository\org\apache\avalon\framework\avalon-framework-api\4.3.1\avalon-framework-api-4.3.1.jar;D:\bin\apache-maven-3.5.3\LocalRepository\org\apache\avalon\framework\avalon-framework-impl\4.3.1\avalon-framework-impl-4.3.1.jar;D:\bin\apache-maven-3.5.3\LocalRepository\xalan\xalan\2.7.2\xalan-2.7.2.jar;D:\bin\apache-maven-3.5.3\LocalRepository\xalan\serializer\2.7.2\serializer-2.7.2.jar;D:\bin\apache-maven-3.5.3\LocalRepository\net\arnx\wmf2svg\0.9.8\wmf2svg-0.9.8.jar;D:\bin\apache-maven-3.5.3\LocalRepository\org\antlr\antlr-runtime\3.5.2\antlr-runtime-3.5.2.jar;D:\bin\apache-maven-3.5.3\LocalRepository\org\antlr\stringtemplate\3.2.1\stringtemplate-3.2.1.jar;D:\bin\apache-maven-3.5.3\LocalRepository\antlr\antlr\2.7.7\antlr-2.7.7.jar;D:\bin\apache-maven-3.5.3\LocalRepository\com\thedeanda\lorem\2.0\lorem-2.0.jar;D:\bin\apache-maven-3.5.3\LocalRepository\com\github\jai-imageio\jai-imageio-core\1.4.0\jai-imageio-core-1.4.0.jar;D:\bin\apache-maven-3.5.3\LocalRepository\com\github\jai-imageio\jai-imageio-jpeg2000\1.3.0\jai-imageio-jpeg2000-1.3.0.jar;D:\bin\apache-maven-3.5.3\LocalRepository\org\apache\xmlbeans\xmlbeans\3.1.0\xmlbeans-3.1.0.jar;D:\bin\apache-maven-3.5.3\LocalRepository\org\springframework\boot\spring-boot-devtools\1.5.12.RELEASE\spring-boot-devtools-1.5.12.RELEASE.jar;D:\bin\apache-maven-3.5.3\LocalRepository\org\springframework\boot\spring-boot\1.5.12.RELEASE\spring-boot-1.5.12.RELEASE.jar;D:\bin\apache-maven-3.5.3\LocalRepository\org\springframework\boot\spring-boot-autoconfigure\1.5.12.RELEASE\spring-boot-autoconfigure-1.5.12.RELEASE.jar;D:\bin\apache-maven-3.5.3\LocalRepository\junit\junit\4.11\junit-4.11.jar;D:\bin\apache-maven-3.5.3\LocalRepository\org\hamcrest\hamcrest-core\1.3\hamcrest-core-1.3.jar;"/>
    <property name="java.vm.vendor" value="Oracle Corporation"/>
    <property name="sun.arch.data.model" value="64"/>
    <property name="user.variant" value=""/>
    <property name="java.vendor.url" value="http://java.oracle.com/"/>
    <property name="user.timezone" value="Asia/Shanghai"/>
    <property name="java.vm.specification.version" value="1.8"/>
    <property name="os.name" value="Windows 10"/>
    <property name="user.country" value="CN"/>
    <property name="sun.java.launcher" value="SUN_STANDARD"/>
    <property name="sun.boot.library.path" value="C:\Program Files\Java\jdk1.8.0_101\jre\bin"/>
    <property name="sun.java.command" value="C:\Users\hubg\AppData\Local\Temp\surefire4981743865370845501\surefirebooter1193030922712691280.jar C:\Users\hubg\AppData\Local\Temp\surefire4981743865370845501 2019-12-03T20-44-54_902-jvmRun1 surefire702366943918265112tmp surefire_03418037943321083861tmp"/>
    <property name="surefire.test.class.path" value="E:\code\maventest\target\test-classes;E:\code\maventest\target\classes;D:\bin\apache-maven-3.5.3\LocalRepository\com\yixin\watermark\0.0.1-SNAPSHOT\watermark-0.0.1-SNAPSHOT.jar;D:\bin\apache-maven-3.5.3\LocalRepository\org\springframework\boot\spring-boot-starter-thymeleaf\1.5.12.RELEASE\spring-boot-starter-thymeleaf-1.5.12.RELEASE.jar;D:\bin\apache-maven-3.5.3\LocalRepository\org\springframework\boot\spring-boot-starter\1.5.12.RELEASE\spring-boot-starter-1.5.12.RELEASE.jar;D:\bin\apache-maven-3.5.3\LocalRepository\org\springframework\boot\spring-boot-starter-logging\1.5.12.RELEASE\spring-boot-starter-logging-1.5.12.RELEASE.jar;D:\bin\apache-maven-3.5.3\LocalRepository\ch\qos\logback\logback-classic\1.1.11\logback-classic-1.1.11.jar;D:\bin\apache-maven-3.5.3\LocalRepository\ch\qos\logback\logback-core\1.1.11\logback-core-1.1.11.jar;D:\bin\apache-maven-3.5.3\LocalRepository\org\slf4j\jul-to-slf4j\1.7.25\jul-to-slf4j-1.7.25.jar;D:\bin\apache-maven-3.5.3\LocalRepository\org\slf4j\log4j-over-slf4j\1.7.25\log4j-over-slf4j-1.7.25.jar;D:\bin\apache-maven-3.5.3\LocalRepository\org\springframework\spring-core\4.3.16.RELEASE\spring-core-4.3.16.RELEASE.jar;D:\bin\apache-maven-3.5.3\LocalRepository\org\yaml\snakeyaml\1.17\snakeyaml-1.17.jar;D:\bin\apache-maven-3.5.3\LocalRepository\org\thymeleaf\thymeleaf-spring4\2.1.6.RELEASE\thymeleaf-spring4-2.1.6.RELEASE.jar;D:\bin\apache-maven-3.5.3\LocalRepository\org\thymeleaf\thymeleaf\2.1.6.RELEASE\thymeleaf-2.1.6.RELEASE.jar;D:\bin\apache-maven-3.5.3\LocalRepository\ognl\ognl\3.0.8\ognl-3.0.8.jar;D:\bin\apache-maven-3.5.3\LocalRepository\org\javassist\javassist\3.16.1-GA\javassist-3.16.1-GA.jar;D:\bin\apache-maven-3.5.3\LocalRepository\org\unbescape\unbescape\1.1.0.RELEASE\unbescape-1.1.0.RELEASE.jar;D:\bin\apache-maven-3.5.3\LocalRepository\nz\net\ultraq\thymeleaf\thymeleaf-layout-dialect\1.4.0\thymeleaf-layout-dialect-1.4.0.jar;D:\bin\apache-maven-3.5.3\LocalRepository\org\codehaus\groovy\groovy\2.4.3\groovy-2.4.3.jar;D:\bin\apache-maven-3.5.3\LocalRepository\org\springframework\boot\spring-boot-starter-web\1.5.12.RELEASE\spring-boot-starter-web-1.5.12.RELEASE.jar;D:\bin\apache-maven-3.5.3\LocalRepository\org\springframework\boot\spring-boot-starter-tomcat\1.5.12.RELEASE\spring-boot-starter-tomcat-1.5.12.RELEASE.jar;D:\bin\apache-maven-3.5.3\LocalRepository\org\apache\tomcat\embed\tomcat-embed-core\8.5.29\tomcat-embed-core-8.5.29.jar;D:\bin\apache-maven-3.5.3\LocalRepository\org\apache\tomcat\tomcat-annotations-api\8.5.29\tomcat-annotations-api-8.5.29.jar;D:\bin\apache-maven-3.5.3\LocalRepository\org\apache\tomcat\embed\tomcat-embed-el\8.5.29\tomcat-embed-el-8.5.29.jar;D:\bin\apache-maven-3.5.3\LocalRepository\org\apache\tomcat\embed\tomcat-embed-websocket\8.5.29\tomcat-embed-websocket-8.5.29.jar;D:\bin\apache-maven-3.5.3\LocalRepository\org\hibernate\hibernate-validator\5.3.6.Final\hibernate-validator-5.3.6.Final.jar;D:\bin\apache-maven-3.5.3\LocalRepository\javax\validation\validation-api\1.1.0.Final\validation-api-1.1.0.Final.jar;D:\bin\apache-maven-3.5.3\LocalRepository\org\jboss\logging\jboss-logging\3.3.0.Final\jboss-logging-3.3.0.Final.jar;D:\bin\apache-maven-3.5.3\LocalRepository\com\fasterxml\classmate\1.3.1\classmate-1.3.1.jar;D:\bin\apache-maven-3.5.3\LocalRepository\com\fasterxml\jackson\core\jackson-databind\2.8.11.1\jackson-databind-2.8.11.1.jar;D:\bin\apache-maven-3.5.3\LocalRepository\com\fasterxml\jackson\core\jackson-annotations\2.8.0\jackson-annotations-2.8.0.jar;D:\bin\apache-maven-3.5.3\LocalRepository\org\springframework\spring-web\4.3.16.RELEASE\spring-web-4.3.16.RELEASE.jar;D:\bin\apache-maven-3.5.3\LocalRepository\org\springframework\spring-aop\4.3.16.RELEASE\spring-aop-4.3.16.RELEASE.jar;D:\bin\apache-maven-3.5.3\LocalRepository\org\springframework\spring-beans\4.3.16.RELEASE\spring-beans-4.3.16.RELEASE.jar;D:\bin\apache-maven-3.5.3\LocalRepository\org\springframework\spring-context\4.3.16.RELEASE\spring-context-4.3.16.RELEASE.jar;D:\bin\apache-maven-3.5.3\LocalRepository\org\springframework\spring-webmvc\4.3.16.RELEASE\spring-webmvc-4.3.16.RELEASE.jar;D:\bin\apache-maven-3.5.3\LocalRepository\org\springframework\spring-expression\4.3.16.RELEASE\spring-expression-4.3.16.RELEASE.jar;D:\bin\apache-maven-3.5.3\LocalRepository\com\alibaba\fastjson\1.2.35\fastjson-1.2.35.jar;D:\bin\apache-maven-3.5.3\LocalRepository\org\apache\poi\poi-ooxml\3.16\poi-ooxml-3.16.jar;D:\bin\apache-maven-3.5.3\LocalRepository\org\apache\poi\poi\3.16\poi-3.16.jar;D:\bin\apache-maven-3.5.3\LocalRepository\org\apache\commons\commons-collections4\4.1\commons-collections4-4.1.jar;D:\bin\apache-maven-3.5.3\LocalRepository\org\apache\poi\poi-ooxml-schemas\3.16\poi-ooxml-schemas-3.16.jar;D:\bin\apache-maven-3.5.3\LocalRepository\com\github\virtuald\curvesapi\1.04\curvesapi-1.04.jar;D:\bin\apache-maven-3.5.3\LocalRepository\org\apache\poi\poi-scratchpad\3.16\poi-scratchpad-3.16.jar;D:\bin\apache-maven-3.5.3\LocalRepository\fr\opensagres\xdocreport\org.apache.poi.xwpf.converter.xhtml\1.0.6\org.apache.poi.xwpf.converter.xhtml-1.0.6.jar;D:\bin\apache-maven-3.5.3\LocalRepository\fr\opensagres\xdocreport\org.apache.poi.xwpf.converter.core\1.0.6\org.apache.poi.xwpf.converter.core-1.0.6.jar;D:\bin\apache-maven-3.5.3\LocalRepository\org\apache\poi\ooxml-schemas\1.1\ooxml-schemas-1.1.jar;D:\bin\apache-maven-3.5.3\LocalRepository\org\zwobble\mammoth\mammoth\0.0.4\mammoth-0.0.4.jar;D:\bin\apache-maven-3.5.3\LocalRepository\commons-cli\commons-cli\1.2\commons-cli-1.2.jar;D:\bin\apache-maven-3.5.3\LocalRepository\com\googlecode\juniversalchardet\juniversalchardet\1.0.3\juniversalchardet-1.0.3.jar;D:\bin\apache-maven-3.5.3\LocalRepository\org\apache\commons\commons-lang3\3.6\commons-lang3-3.6.jar;D:\bin\apache-maven-3.5.3\LocalRepository\commons-io\commons-io\2.5\commons-io-2.5.jar;D:\bin\apache-maven-3.5.3\LocalRepository\com\google\guava\guava\25.1-jre\guava-25.1-jre.jar;D:\bin\apache-maven-3.5.3\LocalRepository\com\google\code\findbugs\jsr305\3.0.2\jsr305-3.0.2.jar;D:\bin\apache-maven-3.5.3\LocalRepository\org\checkerframework\checker-qual\2.0.0\checker-qual-2.0.0.jar;D:\bin\apache-maven-3.5.3\LocalRepository\com\google\errorprone\error_prone_annotations\2.1.3\error_prone_annotations-2.1.3.jar;D:\bin\apache-maven-3.5.3\LocalRepository\com\google\j2objc\j2objc-annotations\1.1\j2objc-annotations-1.1.jar;D:\bin\apache-maven-3.5.3\LocalRepository\org\codehaus\mojo\animal-sniffer-annotations\1.14\animal-sniffer-annotations-1.14.jar;D:\bin\apache-maven-3.5.3\LocalRepository\com\itextpdf\itextpdf\5.5.13\itextpdf-5.5.13.jar;D:\bin\apache-maven-3.5.3\LocalRepository\org\docx4j\docx4j\3.3.3\docx4j-3.3.3.jar;D:\bin\apache-maven-3.5.3\LocalRepository\org\plutext\jaxb-svg11\1.0.2\jaxb-svg11-1.0.2.jar;D:\bin\apache-maven-3.5.3\LocalRepository\net\engio\mbassador\1.2.4.2\mbassador-1.2.4.2.jar;D:\bin\apache-maven-3.5.3\LocalRepository\org\slf4j\slf4j-api\1.7.21\slf4j-api-1.7.21.jar;D:\bin\apache-maven-3.5.3\LocalRepository\org\slf4j\jcl-over-slf4j\1.7.21\jcl-over-slf4j-1.7.21.jar;D:\bin\apache-maven-3.5.3\LocalRepository\org\slf4j\slf4j-log4j12\1.7.21\slf4j-log4j12-1.7.21.jar;D:\bin\apache-maven-3.5.3\LocalRepository\log4j\log4j\1.2.17\log4j-1.2.17.jar;D:\bin\apache-maven-3.5.3\LocalRepository\commons-codec\commons-codec\1.10\commons-codec-1.10.jar;D:\bin\apache-maven-3.5.3\LocalRepository\org\apache\httpcomponents\httpclient\4.5.2\httpclient-4.5.2.jar;D:\bin\apache-maven-3.5.3\LocalRepository\org\apache\httpcomponents\httpcore\4.4.4\httpcore-4.4.4.jar;D:\bin\apache-maven-3.5.3\LocalRepository\commons-logging\commons-logging\1.2\commons-logging-1.2.jar;D:\bin\apache-maven-3.5.3\LocalRepository\com\fasterxml\jackson\core\jackson-core\2.7.3\jackson-core-2.7.3.jar;D:\bin\apache-maven-3.5.3\LocalRepository\org\apache\xmlgraphics\xmlgraphics-commons\2.1\xmlgraphics-commons-2.1.jar;D:\bin\apache-maven-3.5.3\LocalRepository\org\apache\avalon\framework\avalon-framework-api\4.3.1\avalon-framework-api-4.3.1.jar;D:\bin\apache-maven-3.5.3\LocalRepository\org\apache\avalon\framework\avalon-framework-impl\4.3.1\avalon-framework-impl-4.3.1.jar;D:\bin\apache-maven-3.5.3\LocalRepository\xalan\xalan\2.7.2\xalan-2.7.2.jar;D:\bin\apache-maven-3.5.3\LocalRepository\xalan\serializer\2.7.2\serializer-2.7.2.jar;D:\bin\apache-maven-3.5.3\LocalRepository\net\arnx\wmf2svg\0.9.8\wmf2svg-0.9.8.jar;D:\bin\apache-maven-3.5.3\LocalRepository\org\antlr\antlr-runtime\3.5.2\antlr-runtime-3.5.2.jar;D:\bin\apache-maven-3.5.3\LocalRepository\org\antlr\stringtemplate\3.2.1\stringtemplate-3.2.1.jar;D:\bin\apache-maven-3.5.3\LocalRepository\antlr\antlr\2.7.7\antlr-2.7.7.jar;D:\bin\apache-maven-3.5.3\LocalRepository\com\thedeanda\lorem\2.0\lorem-2.0.jar;D:\bin\apache-maven-3.5.3\LocalRepository\com\github\jai-imageio\jai-imageio-core\1.4.0\jai-imageio-core-1.4.0.jar;D:\bin\apache-maven-3.5.3\LocalRepository\com\github\jai-imageio\jai-imageio-jpeg2000\1.3.0\jai-imageio-jpeg2000-1.3.0.jar;D:\bin\apache-maven-3.5.3\LocalRepository\org\apache\xmlbeans\xmlbeans\3.1.0\xmlbeans-3.1.0.jar;D:\bin\apache-maven-3.5.3\LocalRepository\org\springframework\boot\spring-boot-devtools\1.5.12.RELEASE\spring-boot-devtools-1.5.12.RELEASE.jar;D:\bin\apache-maven-3.5.3\LocalRepository\org\springframework\boot\spring-boot\1.5.12.RELEASE\spring-boot-1.5.12.RELEASE.jar;D:\bin\apache-maven-3.5.3\LocalRepository\org\springframework\boot\spring-boot-autoconfigure\1.5.12.RELEASE\spring-boot-autoconfigure-1.5.12.RELEASE.jar;D:\bin\apache-maven-3.5.3\LocalRepository\junit\junit\4.11\junit-4.11.jar;D:\bin\apache-maven-3.5.3\LocalRepository\org\hamcrest\hamcrest-core\1.3\hamcrest-core-1.3.jar;"/>
    <property name="sun.cpu.endian" value="little"/>
    <property name="user.home" value="C:\Users\hubg"/>
    <property name="user.language" value="zh"/>
    <property name="java.specification.vendor" value="Oracle Corporation"/>
    <property name="java.home" value="C:\Program Files\Java\jdk1.8.0_101\jre"/>
    <property name="basedir" value="E:\code\maventest"/>
    <property name="file.separator" value="\"/>
    <property name="line.separator" value="&#10;"/>
    <property name="java.vm.specification.vendor" value="Oracle Corporation"/>
    <property name="java.specification.name" value="Java Platform API Specification"/>
    <property name="java.awt.graphicsenv" value="sun.awt.Win32GraphicsEnvironment"/>
    <property name="surefire.real.class.path" value="C:\Users\hubg\AppData\Local\Temp\surefire4981743865370845501\surefirebooter1193030922712691280.jar"/>
    <property name="sun.boot.class.path" value="C:\Program Files\Java\jdk1.8.0_101\jre\lib\resources.jar;C:\Program Files\Java\jdk1.8.0_101\jre\lib\rt.jar;C:\Program Files\Java\jdk1.8.0_101\jre\lib\sunrsasign.jar;C:\Program Files\Java\jdk1.8.0_101\jre\lib\jsse.jar;C:\Program Files\Java\jdk1.8.0_101\jre\lib\jce.jar;C:\Program Files\Java\jdk1.8.0_101\jre\lib\charsets.jar;C:\Program Files\Java\jdk1.8.0_101\jre\lib\jfr.jar;C:\Program Files\Java\jdk1.8.0_101\jre\classes"/>
    <property name="user.script" value=""/>
    <property name="sun.management.compiler" value="HotSpot 64-Bit Tiered Compilers"/>
    <property name="java.runtime.version" value="1.8.0_101-b13"/>
    <property name="user.name" value="hubg"/>
    <property name="path.separator" value=";"/>
    <property name="os.version" value="10.0"/>
    <property name="java.endorsed.dirs" value="C:\Program Files\Java\jdk1.8.0_101\jre\lib\endorsed"/>
    <property name="java.runtime.name" value="Java(TM) SE Runtime Environment"/>
    <property name="file.encoding" value="GBK"/>
    <property name="java.vm.name" value="Java HotSpot(TM) 64-Bit Server VM"/>
    <property name="localRepository" value="D:\bin\apache-maven-3.5.3\LocalRepository"/>
    <property name="java.vendor.url.bug" value="http://bugreport.sun.com/bugreport/"/>
    <property name="java.io.tmpdir" value="C:\Users\hubg\AppData\Local\Temp\"/>
    <property name="idea.version" value="2018.1.5"/>
    <property name="java.version" value="1.8.0_101"/>
    <property name="user.dir" value="E:\code\maventest"/>
    <property name="os.arch" value="amd64"/>
    <property name="java.vm.specification.name" value="Java Virtual Machine Specification"/>
    <property name="java.awt.printerjob" value="sun.awt.windows.WPrinterJob"/>
    <property name="sun.os.patch.level" value=""/>
    <property name="java.library.path" value="C:\Program Files\Java\jdk1.8.0_101\jre\bin;C:\WINDOWS\Sun\Java\bin;C:\WINDOWS\system32;C:\WINDOWS;C:\Python27\;C:\Python27\Scripts;C:\ProgramData\Oracle\Java\javapath;C:\WINDOWS\system32;C:\WINDOWS;C:\WINDOWS\System32\Wbem;C:\WINDOWS\System32\WindowsPowerShell\v1.0\;C:\Program Files\Java\jdk1.8.0_101\bin;C:\Program Files\TortoiseSVN\bin;D:\bin\apache-maven-3.5.3\bin;E:\bigwork\bigdata\hadoop-common-2.7.1-master\bin;E:\bigwork\bigdata\spark-2.2.1-bin-hadoop2.7\bin;C:\Program Files\Git\cmd;E:\softer\spring-1.4.3.RELEASE\bin;C:\WINDOWS\System32\OpenSSH\;E:\Oracle\instantclient_12_1;C:\Program Files\nodejs\;C:\Program Files (x86)\scala\bin;C:\Users\hubg\AppData\Local\Microsoft\WindowsApps;D:\hubg\AppData\Roaming\npm;."/>
    <property name="java.vm.info" value="mixed mode"/>
    <property name="java.vendor" value="Oracle Corporation"/>
    <property name="java.vm.version" value="25.101-b13"/>
    <property name="java.ext.dirs" value="C:\Program Files\Java\jdk1.8.0_101\jre\lib\ext;C:\WINDOWS\Sun\Java\lib\ext"/>
    <property name="sun.io.unicode.encoding" value="UnicodeLittle"/>
    <property name="java.class.version" value="52.0"/>
  </properties>
  <testcase name="shouldAnswerWithTrue" classname="com.yixin.AppTest" time="0.002"/>
</testsuite>